<?xml version="1.0" encoding="UTF-8"?>
<!-- Generated by org.testng.reporters.JUnitXMLReporter -->
<testsuite hostname="DESKTOP-POVA60A" ignored="0" name="BingTesting" tests="2" failures="1" timestamp="2020-09-25T17:45:57 IST" time="7.63" errors="0">
  <testcase name="bingTitleVerification" time="2.504" classname="testNGExamples.BingTest">
    <failure type="java.lang.AssertionError" message="expected [Bing India] but found [Bing]">
      <![CDATA[java.lang.AssertionError: expected [Bing India] but found [Bing]
at testNGExamples.BingTest.bingTitleVerification(BingTest.java:18)
at java.util.ArrayList.forEach(ArrayList.java:1257)
... Removed 32 stack frames]]>
    </failure>
  </testcase> <!-- bingTitleVerification -->
  <testcase name="searchVerification" time="0.0" classname="testNGExamples.BingTest">
    <skipped/>
  </testcase> <!-- searchVerification -->
</testsuite> <!-- BingTesting -->
