<?xml version="1.0" encoding="UTF-8"?>
<!-- Generated by org.testng.reporters.JUnitXMLReporter -->
<testsuite hostname="DESKTOP-POVA60A" ignored="0" name="GoogleTest" tests="1" failures="1" timestamp="2020-09-25T17:46:04 IST" time="6.844" errors="0">
  <testcase name="titleTest" time="2.64" classname="testNGExamples.FirstTestExample">
    <failure type="java.lang.AssertionError" message="expected [Google India] but found [Google]">
      <![CDATA[java.lang.AssertionError: expected [Google India] but found [Google]
at testNGExamples.FirstTestExample.titleTest(FirstTestExample.java:20)
at java.util.ArrayList.forEach(ArrayList.java:1257)
... Removed 32 stack frames]]>
    </failure>
  </testcase> <!-- titleTest -->
</testsuite> <!-- GoogleTest -->
